<?xml version="1.0" encoding="UTF-8"?>
<!-- Generated by org.testng.reporters.JUnitXMLReporter -->
<testsuite hostname="hnguyen" ignored="0" name="Default test" tests="1" failures="0" timestamp="25 Jun 2020 18:54:03 GMT" time="3.235" errors="0">
  <testcase name="@BeforeTest lauchBrowser" time="0.0" classname="com.test.MainTest">
    <failure type="org.openqa.selenium.SessionNotCreatedException" message="session not created: This version of ChromeDriver only supports Chrome version 84
Build info: version: &amp;apos;3.141.0&amp;apos;, revision: &amp;apos;2ecb7d9a&amp;apos;, time: &amp;apos;2018-10-31T20:09:30&amp;apos;
System info: host: &amp;apos;HNGUYEN&amp;apos;, ip: &amp;apos;192.168.137.1&amp;apos;, os.name: &amp;apos;Windows 10&amp;apos;, os.arch: &amp;apos;amd64&amp;apos;, os.version: &amp;apos;10.0&amp;apos;, java.version: &amp;apos;1.8.0_231&amp;apos;
Driver info: driver.version: ChromeDriver
remote stacktrace: Backtrace:
	Ordinal0 [0x010D87E3+2852835]
	Ordinal0 [0x00FC5BB1+1727409]
	Ordinal0 [0x00E9E4B9+517305]
	Ordinal0 [0x00E30BA0+68512]
	Ordinal0 [0x00E2D3A0+54176]
	Ordinal0 [0x00E4D9F7+186871]
	Ordinal0 [0x00E4D7FD+186365]
	Ordinal0 [0x00E4B70B+177931]
	Ordinal0 [0x00E32584+75140]
	Ordinal0 [0x00E33650+79440]
	Ordinal0 [0x00E335E9+79337]
	Ordinal0 [0x00FDAD5C+1813852]
	GetHandleVerifier [0x011FC616+1075574]
	GetHandleVerifier [0x011FC367+1074887]
	GetHandleVerifier [0x01207497+1120247]
	GetHandleVerifier [0x011FCC16+1077110]
	Ordinal0 [0x00FD3206+1782278]
	Ordinal0 [0x00FDC3BB+1819579]
	Ordinal0 [0x00FDC523+1819939]
	Ordinal0 [0x00FF2B45+1911621]
	BaseThreadInitThunk [0x75216359+25]
	RtlGetAppContainerNamedObjectPath [0x77087C24+228]
	RtlGetAppContainerNamedObjectPath [0x77087BF4+180]
">
      <![CDATA[org.openqa.selenium.SessionNotCreatedException: session not created: This version of ChromeDriver only supports Chrome version 84
Build info: version: '3.141.0', revision: '2ecb7d9a', time: '2018-10-31T20:09:30'
System info: host: 'HNGUYEN', ip: '192.168.137.1', os.name: 'Windows 10', os.arch: 'amd64', os.version: '10.0', java.version: '1.8.0_231'
Driver info: driver.version: ChromeDriver
remote stacktrace: Backtrace:
	Ordinal0 [0x010D87E3+2852835]
	Ordinal0 [0x00FC5BB1+1727409]
	Ordinal0 [0x00E9E4B9+517305]
	Ordinal0 [0x00E30BA0+68512]
	Ordinal0 [0x00E2D3A0+54176]
	Ordinal0 [0x00E4D9F7+186871]
	Ordinal0 [0x00E4D7FD+186365]
	Ordinal0 [0x00E4B70B+177931]
	Ordinal0 [0x00E32584+75140]
	Ordinal0 [0x00E33650+79440]
	Ordinal0 [0x00E335E9+79337]
	Ordinal0 [0x00FDAD5C+1813852]
	GetHandleVerifier [0x011FC616+1075574]
	GetHandleVerifier [0x011FC367+1074887]
	GetHandleVerifier [0x01207497+1120247]
	GetHandleVerifier [0x011FCC16+1077110]
	Ordinal0 [0x00FD3206+1782278]
	Ordinal0 [0x00FDC3BB+1819579]
	Ordinal0 [0x00FDC523+1819939]
	Ordinal0 [0x00FF2B45+1911621]
	BaseThreadInitThunk [0x75216359+25]
	RtlGetAppContainerNamedObjectPath [0x77087C24+228]
	RtlGetAppContainerNamedObjectPath [0x77087BF4+180]

	at sun.reflect.NativeConstructorAccessorImpl.newInstance0(Native Method)
	at sun.reflect.NativeConstructorAccessorImpl.newInstance(NativeConstructorAccessorImpl.java:62)
	at sun.reflect.DelegatingConstructorAccessorImpl.newInstance(DelegatingConstructorAccessorImpl.java:45)
	at java.lang.reflect.Constructor.newInstance(Constructor.java:423)
	at org.openqa.selenium.remote.W3CHandshakeResponse.lambda$errorHandler$0(W3CHandshakeResponse.java:62)
	at org.openqa.selenium.remote.HandshakeResponse.lambda$getResponseFunction$0(HandshakeResponse.java:30)
	at org.openqa.selenium.remote.ProtocolHandshake.lambda$createSession$0(ProtocolHandshake.java:123)
	at java.util.stream.ReferencePipeline$3$1.accept(ReferencePipeline.java:193)
	at java.util.Spliterators$ArraySpliterator.tryAdvance(Spliterators.java:958)
	at java.util.stream.ReferencePipeline.forEachWithCancel(ReferencePipeline.java:126)
	at java.util.stream.AbstractPipeline.copyIntoWithCancel(AbstractPipeline.java:499)
	at java.util.stream.AbstractPipeline.copyInto(AbstractPipeline.java:486)
	at java.util.stream.AbstractPipeline.wrapAndCopyInto(AbstractPipeline.java:472)
	at java.util.stream.FindOps$FindOp.evaluateSequential(FindOps.java:152)
	at java.util.stream.AbstractPipeline.evaluate(AbstractPipeline.java:234)
	at java.util.stream.ReferencePipeline.findFirst(ReferencePipeline.java:464)
	at org.openqa.selenium.remote.ProtocolHandshake.createSession(ProtocolHandshake.java:125)
	at org.openqa.selenium.remote.ProtocolHandshake.createSession(ProtocolHandshake.java:74)
	at org.openqa.selenium.remote.HttpCommandExecutor.execute(HttpCommandExecutor.java:136)
	at org.openqa.selenium.remote.service.DriverCommandExecutor.execute(DriverCommandExecutor.java:83)
	at org.openqa.selenium.remote.RemoteWebDriver.execute(RemoteWebDriver.java:552)
	at org.openqa.selenium.remote.RemoteWebDriver.startSession(RemoteWebDriver.java:213)
	at org.openqa.selenium.remote.RemoteWebDriver.<init>(RemoteWebDriver.java:131)
	at org.openqa.selenium.chrome.ChromeDriver.<init>(ChromeDriver.java:181)
	at org.openqa.selenium.chrome.ChromeDriver.<init>(ChromeDriver.java:168)
	at org.openqa.selenium.chrome.ChromeDriver.<init>(ChromeDriver.java:123)
	at com.test.MainTest.lauchBrowser(MainTest.java:19)
	at sun.reflect.NativeMethodAccessorImpl.invoke0(Native Method)
	at sun.reflect.NativeMethodAccessorImpl.invoke(NativeMethodAccessorImpl.java:62)
	at sun.reflect.DelegatingMethodAccessorImpl.invoke(DelegatingMethodAccessorImpl.java:43)
	at java.lang.reflect.Method.invoke(Method.java:498)
	at org.testng.internal.MethodInvocationHelper.invokeMethod(MethodInvocationHelper.java:104)
	at org.testng.internal.Invoker.invokeConfigurationMethod(Invoker.java:515)
	at org.testng.internal.Invoker.invokeConfigurations(Invoker.java:217)
	at org.testng.internal.Invoker.invokeConfigurations(Invoker.java:144)
	at org.testng.TestRunner.beforeRun(TestRunner.java:634)
	at org.testng.TestRunner.run(TestRunner.java:602)
	at org.testng.SuiteRunner.runTest(SuiteRunner.java:387)
	at org.testng.SuiteRunner.runSequentially(SuiteRunner.java:382)
	at org.testng.SuiteRunner.privateRun(SuiteRunner.java:340)
	at org.testng.SuiteRunner.run(SuiteRunner.java:289)
	at org.testng.SuiteRunnerWorker.runSuite(SuiteRunnerWorker.java:52)
	at org.testng.SuiteRunnerWorker.run(SuiteRunnerWorker.java:86)
	at org.testng.TestNG.runSuitesSequentially(TestNG.java:1293)
	at org.testng.TestNG.runSuitesLocally(TestNG.java:1218)
	at org.testng.TestNG.runSuites(TestNG.java:1133)
	at org.testng.TestNG.run(TestNG.java:1104)
	at org.testng.remote.AbstractRemoteTestNG.run(AbstractRemoteTestNG.java:115)
	at org.testng.remote.RemoteTestNG.initAndRun(RemoteTestNG.java:251)
	at org.testng.remote.RemoteTestNG.main(RemoteTestNG.java:77)
]]>
    </failure>
  </testcase> <!-- @BeforeTest lauchBrowser -->
  <testcase name="@AfterTest closeBrowser" time="0.0" classname="com.test.MainTest">
    <skipped/>
  </testcase> <!-- @AfterTest closeBrowser -->
  <testcase name="verifyHomeTitle" time="0.008" classname="com.test.MainTest">
    <skipped/>
  </testcase> <!-- verifyHomeTitle -->
</testsuite> <!-- Default test -->
